Mar 16, 2015 1:18:53 AM org.vertx.java.platform.impl.resolver.HttpResolution
INFO: Downloading io.vertx~lang-groovy~2.1.1-final. Please wait...
Mar 16, 2015 1:18:57 AM org.vertx.java.platform.impl.DefaultPlatformManager
INFO: Module io.vertx~lang-groovy~2.1.1-final successfully installed
Mar 16, 2015 1:18:58 AM org.vertx.java.platform.impl.cli.Starter
INFO: Succeeded in deploying module
Mar 16, 2015 1:18:58 AM org.vertx.java.platform.impl.resolver.HttpResolution
INFO: Downloading org.crashub~vertx.shell~2.1.0. Please wait...
Mar 16, 2015 1:19:07 AM org.vertx.java.platform.impl.DefaultPlatformManager
INFO: Module org.crashub~vertx.shell~2.1.0 successfully installed
Mar 16, 2015 1:19:07 AM org.crsh.plugin.ServiceLoaderDiscovery getPlugins
INFO: Loaded plugin Plugin[type=CRaSHShellFactory,interface=ShellFactory]
Mar 16, 2015 1:19:07 AM org.crsh.plugin.ServiceLoaderDiscovery getPlugins
INFO: Loaded plugin Plugin[type=GroovyLanguageProxy,interface=Language]
Mar 16, 2015 1:19:07 AM org.crsh.plugin.ServiceLoaderDiscovery getPlugins
INFO: Loaded plugin Plugin[type=JavaLanguage,interface=Language]
Mar 16, 2015 1:19:07 AM org.crsh.plugin.ServiceLoaderDiscovery getPlugins
INFO: Loaded plugin Plugin[type=ScriptLanguage,interface=Language]
Mar 16, 2015 1:19:07 AM org.crsh.plugin.ServiceLoaderDiscovery getPlugins
INFO: Loaded plugin Plugin[type=JaasAuthenticationPlugin,interface=AuthenticationPlugin]
Mar 16, 2015 1:19:07 AM org.crsh.plugin.ServiceLoaderDiscovery getPlugins
INFO: Loaded plugin Plugin[type=SimpleAuthenticationPlugin,interface=AuthenticationPlugin]
Mar 16, 2015 1:19:07 AM org.crsh.plugin.ServiceLoaderDiscovery getPlugins
INFO: Loaded plugin Plugin[type=SSHPlugin,interface=SSHPlugin]
Mar 16, 2015 1:19:07 AM org.crsh.plugin.ServiceLoaderDiscovery getPlugins
INFO: Loaded plugin Plugin[type=SSHInlinePlugin,interface=CommandPlugin]
Mar 16, 2015 1:19:07 AM org.crsh.plugin.ServiceLoaderDiscovery getPlugins
INFO: Loaded plugin Plugin[type=KeyAuthenticationPlugin,interface=KeyAuthenticationPlugin]
Mar 16, 2015 1:19:07 AM org.crsh.plugin.PluginLifeCycle configureProperty
INFO: Configuring property auth.simple.username=admin from properties
Mar 16, 2015 1:19:07 AM org.crsh.plugin.PluginLifeCycle configureProperty
INFO: Configuring property auth.simple.password=admin from properties
Mar 16, 2015 1:19:07 AM org.crsh.plugin.PluginLifeCycle configureProperty
INFO: Configuring property ssh.port=2000 from properties
Mar 16, 2015 1:19:07 AM org.crsh.plugin.PluginLifeCycle configureProperty
INFO: Configuring property auth=simple from properties
Mar 16, 2015 1:19:07 AM org.crsh.plugin.PluginManager getPlugins
INFO: Initialized plugin Plugin[type=GroovyLanguageProxy,interface=Language]
Mar 16, 2015 1:19:07 AM org.crsh.plugin.PluginManager getPlugins
INFO: Initialized plugin Plugin[type=JavaLanguage,interface=Language]
Mar 16, 2015 1:19:07 AM org.crsh.plugin.PluginManager getPlugins
INFO: Initialized plugin Plugin[type=ScriptLanguage,interface=Language]
Mar 16, 2015 1:19:07 AM org.crsh.plugin.PluginManager getPlugins
INFO: Initialized plugin Plugin[type=CRaSHShellFactory,interface=ShellFactory]
Mar 16, 2015 1:19:07 AM org.crsh.plugin.PluginManager getPlugins
INFO: Initialized plugin Plugin[type=JaasAuthenticationPlugin,interface=AuthenticationPlugin]
Mar 16, 2015 1:19:07 AM org.crsh.plugin.PluginManager getPlugins
INFO: Initialized plugin Plugin[type=SimpleAuthenticationPlugin,interface=AuthenticationPlugin]
Mar 16, 2015 1:19:07 AM org.crsh.plugin.PluginManager getPlugins
INFO: Initialized plugin Plugin[type=KeyAuthenticationPlugin,interface=KeyAuthenticationPlugin]
Mar 16, 2015 1:19:07 AM org.crsh.ssh.SSHPlugin init
INFO: Booting SSHD
Mar 16, 2015 1:19:07 AM org.apache.sshd.common.util.SecurityUtils$BouncyCastleRegistration run
INFO: Trying to register BouncyCastle as a JCE provider
Mar 16, 2015 1:19:07 AM org.apache.sshd.common.util.SecurityUtils$BouncyCastleRegistration run
INFO: Registration succeeded
Mar 16, 2015 1:19:07 AM org.crsh.ssh.term.SSHLifeCycle init
INFO: About to start CRaSSHD
Mar 16, 2015 1:19:07 AM org.crsh.ssh.term.SSHLifeCycle init
INFO: CRaSSHD started on port 2000
Mar 16, 2015 1:19:07 AM org.crsh.plugin.PluginManager getPlugins
INFO: Initialized plugin Plugin[type=SSHPlugin,interface=SSHPlugin]
Mar 16, 2015 1:19:07 AM org.crsh.plugin.PluginManager getPlugins
INFO: Initialized plugin Plugin[type=SSHInlinePlugin,interface=CommandPlugin]
Mar 16, 2015 1:19:16 AM org.apache.sshd.server.session.ServerSession <init>
INFO: Server session created from /172.17.42.1:45161
Mar 16, 2015 1:19:17 AM org.apache.sshd.common.session.AbstractSession negotiate
INFO: Kex: server->client aes128-ctr hmac-md5 none
Mar 16, 2015 1:19:17 AM org.apache.sshd.common.session.AbstractSession negotiate
INFO: Kex: client->server aes128-ctr hmac-md5 none
Mar 16, 2015 1:19:18 AM org.apache.sshd.server.session.ServerUserAuthService process
INFO: Session admin@/172.17.42.1:45161 authenticated
Mar 16, 2015 1:19:32 AM null-exe.groovy-1827249516
SEVERE: could not decode out org.vertx.java.core.json.DecodeException: Failed to decode:No content to map due to end-of-input
 at [Source: java.io.StringReader@d39e3e; line: 1, column: 1]
Mar 16, 2015 1:19:32 AM null-exe.groovy-1827249516
SEVERE: out: {"DATE":"Mon Mar 16 01:19:32 EDT 2015","COMMAND":"lst","PID":"52","UUID":"f4c6dda9-920b-44dc-80cc-85c9473665f9"}

Mar 16, 2015 1:19:32 AM null-exe.groovy-1827249516
INFO: could not decode err org.vertx.java.core.json.DecodeException: Failed to decode:No content to map due to end-of-input
 at [Source: java.io.StringReader@25a99032; line: 1, column: 1]
Mar 16, 2015 1:19:32 AM null-exe.groovy-1827249516
INFO: err: 
Mar 16, 2015 1:19:43 AM null-exe.groovy-482145311
INFO: could not decode err org.vertx.java.core.json.DecodeException: Failed to decode:No content to map due to end-of-input
 at [Source: java.io.StringReader@9250e08; line: 1, column: 1]
Mar 16, 2015 1:19:43 AM null-exe.groovy-482145311
INFO: err: 
java.io.InterruptedIOException
	at org.apache.sshd.common.channel.ChannelPipedInputStream.read(ChannelPipedInputStream.java:121)
	at org.apache.sshd.common.channel.ChannelPipedInputStream.read(ChannelPipedInputStream.java:85)
	at org.crsh.console.jline.internal.NonBlockingInputStream.read(NonBlockingInputStream.java:169)
	at org.crsh.console.jline.internal.NonBlockingInputStream.read(NonBlockingInputStream.java:137)
	at org.crsh.console.jline.internal.NonBlockingInputStream.read(NonBlockingInputStream.java:246)
	at org.crsh.console.jline.internal.InputStreamReader.read(InputStreamReader.java:261)
	at org.crsh.console.jline.internal.InputStreamReader.read(InputStreamReader.java:198)
	at org.crsh.console.jline.console.ConsoleReader.readCharacter(ConsoleReader.java:2145)
	at org.crsh.console.jline.JLineProcessor.run(JLineProcessor.java:111)
	at org.crsh.ssh.term.CRaSHCommand.run(CRaSHCommand.java:99)
	at java.lang.Thread.run(Thread.java:745)
Caused by: java.lang.InterruptedException
	at java.util.concurrent.locks.AbstractQueuedSynchronizer$ConditionObject.reportInterruptAfterWait(AbstractQueuedSynchronizer.java:2014)
	at java.util.concurrent.locks.AbstractQueuedSynchronizer$ConditionObject.await(AbstractQueuedSynchronizer.java:2048)
	at org.apache.sshd.common.channel.ChannelPipedInputStream.read(ChannelPipedInputStream.java:118)
	... 10 more
Mar 16, 2015 1:29:26 AM org.apache.sshd.server.session.ServerSession <init>
INFO: Server session created from /172.17.42.1:41888
Mar 16, 2015 1:29:26 AM org.apache.sshd.common.session.AbstractSession negotiate
INFO: Kex: server->client aes128-ctr hmac-md5 none
Mar 16, 2015 1:29:26 AM org.apache.sshd.common.session.AbstractSession negotiate
INFO: Kex: client->server aes128-ctr hmac-md5 none
Mar 16, 2015 1:29:27 AM org.apache.sshd.server.session.ServerUserAuthService process
INFO: Session admin@/172.17.42.1:41888 authenticated
Mar 16, 2015 1:29:38 AM null-exe.groovy-486143961
INFO: could not decode err org.vertx.java.core.json.DecodeException: Failed to decode:No content to map due to end-of-input
 at [Source: java.io.StringReader@43a11af1; line: 1, column: 1]
Mar 16, 2015 1:29:38 AM null-exe.groovy-486143961
INFO: err: 
Mar 16, 2015 1:30:00 AM null-exe.groovy-1676703353
INFO: could not decode err org.vertx.java.core.json.DecodeException: Failed to decode:No content to map due to end-of-input
 at [Source: java.io.StringReader@6ab06f01; line: 1, column: 1]
Mar 16, 2015 1:30:00 AM null-exe.groovy-1676703353
INFO: err: 
Mar 16, 2015 1:34:56 AM org.apache.sshd.server.session.ServerSession <init>
INFO: Server session created from /172.17.42.1:41929
Mar 16, 2015 1:34:56 AM org.apache.sshd.common.session.AbstractSession negotiate
INFO: Kex: server->client aes128-ctr hmac-md5 none
Mar 16, 2015 1:34:56 AM org.apache.sshd.common.session.AbstractSession negotiate
INFO: Kex: client->server aes128-ctr hmac-md5 none
Mar 16, 2015 1:34:57 AM org.apache.sshd.server.session.ServerUserAuthService process
INFO: Session admin@/172.17.42.1:41929 authenticated
Mar 16, 2015 1:35:27 AM null-exe.groovy-1827249516
INFO: could not decode err org.vertx.java.core.json.DecodeException: Failed to decode:No content to map due to end-of-input
 at [Source: java.io.StringReader@71bd4a81; line: 1, column: 1]
Mar 16, 2015 1:35:27 AM null-exe.groovy-1827249516
INFO: err: 
Mar 16, 2015 1:39:33 AM org.apache.sshd.server.session.ServerSession <init>
INFO: Server session created from /172.17.42.1:41944
Mar 16, 2015 1:39:33 AM org.apache.sshd.common.session.AbstractSession negotiate
INFO: Kex: server->client aes128-ctr hmac-md5 none
Mar 16, 2015 1:39:33 AM org.apache.sshd.common.session.AbstractSession negotiate
INFO: Kex: client->server aes128-ctr hmac-md5 none
Mar 16, 2015 1:39:35 AM org.apache.sshd.server.session.ServerSession <init>
INFO: Server session created from /172.17.42.1:41946
Mar 16, 2015 1:39:35 AM org.apache.sshd.common.session.AbstractSession negotiate
INFO: Kex: server->client aes128-ctr hmac-md5 none
Mar 16, 2015 1:39:35 AM org.apache.sshd.common.session.AbstractSession negotiate
INFO: Kex: client->server aes128-ctr hmac-md5 none
Mar 16, 2015 1:39:37 AM org.apache.sshd.server.session.ServerUserAuthService process
INFO: Session admin@/172.17.42.1:41946 authenticated
Mar 16, 2015 1:39:47 AM null-exe.groovy-482145311
INFO: could not decode err org.vertx.java.core.json.DecodeException: Failed to decode:No content to map due to end-of-input
 at [Source: java.io.StringReader@50923bc7; line: 1, column: 1]
Mar 16, 2015 1:39:47 AM null-exe.groovy-482145311
INFO: err: 
Mar 16, 2015 1:49:48 AM org.apache.sshd.common.session.AbstractSession disconnect
INFO: Disconnecting: User session has timed out idling after 600000 ms.
