/etc/ssh/ssh_host_dsa_key: No such file or directory
debug2: load_server_config: filename /etc/ssh/sshd_config
debug2: load_server_config: done config len = 664
debug2: parse_server_config: config /etc/ssh/sshd_config len 664
debug3: /etc/ssh/sshd_config:5 setting Port 22
debug3: /etc/ssh/sshd_config:9 setting Protocol 2
debug3: /etc/ssh/sshd_config:16 setting UsePrivilegeSeparation yes
debug3: /etc/ssh/sshd_config:19 setting KeyRegenerationInterval 3600
debug3: /etc/ssh/sshd_config:20 setting ServerKeyBits 1024
debug3: /etc/ssh/sshd_config:23 setting SyslogFacility AUTH
debug3: /etc/ssh/sshd_config:24 setting LogLevel INFO
debug3: /etc/ssh/sshd_config:27 setting LoginGraceTime 120
debug3: /etc/ssh/sshd_config:28 setting PermitRootLogin without-password
debug3: /etc/ssh/sshd_config:29 setting StrictModes yes
debug3: /etc/ssh/sshd_config:31 setting RSAAuthentication yes
debug3: /etc/ssh/sshd_config:32 setting PubkeyAuthentication yes
debug3: /etc/ssh/sshd_config:33 setting AuthorizedKeysFile %h/.ssh/authorized_keys
debug3: /etc/ssh/sshd_config:36 setting IgnoreRhosts yes
debug3: /etc/ssh/sshd_config:38 setting RhostsRSAAuthentication no
debug3: /etc/ssh/sshd_config:40 setting HostbasedAuthentication no
debug3: /etc/ssh/sshd_config:45 setting PermitEmptyPasswords no
debug3: /etc/ssh/sshd_config:49 setting ChallengeResponseAuthentication no
debug3: /etc/ssh/sshd_config:52 setting PasswordAuthentication no
debug3: /etc/ssh/sshd_config:64 setting X11Forwarding yes
debug3: /etc/ssh/sshd_config:65 setting X11DisplayOffset 10
debug3: /etc/ssh/sshd_config:66 setting PrintMotd no
debug3: /etc/ssh/sshd_config:67 setting PrintLastLog yes
debug3: /etc/ssh/sshd_config:68 setting TCPKeepAlive yes
debug3: /etc/ssh/sshd_config:75 setting AcceptEnv LANG LC_*
debug3: /etc/ssh/sshd_config:77 setting Subsystem sftp /usr/lib/openssh/sftp-server
debug3: /etc/ssh/sshd_config:88 setting UsePAM yes
debug1: sshd version OpenSSH_6.6.1, OpenSSL 1.0.1k-fips 8 Jan 2015
debug3: Incorrect RSA1 identifier
debug1: key_parse_private2: missing begin marker
debug1: read PEM private key done: type RSA
debug3: Incorrect RSA1 identifier
debug3: Could not load "/etc/ssh/ssh_host_rsa_key" as a RSA1 public key
debug1: private host key: #0 type 1 RSA
debug1: could not open key file '/etc/ssh/ssh_host_dsa_key': No such file or directory
Could not load host key: /etc/ssh/ssh_host_dsa_key
debug3: Incorrect RSA1 identifier
debug1: key_parse_private2: missing begin marker
debug1: read PEM private key done: type ECDSA
debug3: Incorrect RSA1 identifier
debug3: Could not load "/etc/ssh/ssh_host_ecdsa_key" as a RSA1 public key
debug1: private host key: #2 type 3 ECDSA
debug3: Incorrect RSA1 identifier
debug3: Incorrect RSA1 identifier
debug3: Could not load "/etc/ssh/ssh_host_ed25519_key" as a RSA1 public key
debug1: private host key: #3 type 4 ED25519
debug1: rexec_argv[0]='/usr/sbin/sshd'
debug1: rexec_argv[1]='-D'
debug1: rexec_argv[2]='-ddd'
debug1: rexec_argv[3]='-p'
debug1: rexec_argv[4]='2223'
debug3: oom_adjust_setup
Set /proc/self/oom_score_adj from 0 to -1000
debug2: fd 3 setting O_NONBLOCK
debug1: Bind to port 2223 on 0.0.0.0.
Server listening on 0.0.0.0 port 2223.
debug2: fd 4 setting O_NONBLOCK
debug3: sock_set_v6only: set socket 4 IPV6_V6ONLY
debug1: Bind to port 2223 on ::.
Server listening on :: port 2223.
debug3: fd 5 is not O_NONBLOCK
debug1: Server will not fork when running in debugging mode.
debug3: send_rexec_state: entering fd = 8 config len 664
debug3: ssh_msg_send: type 0
debug3: send_rexec_state: done
debug1: rexec start in 5 out 5 newsock 5 pipe -1 sock 8
debug1: inetd sockets after dupping: 3, 3
Connection from 172.17.42.1 port 49633 on 172.17.0.36 port 2223
debug1: Client protocol version 2.0; client software version OpenSSH_6.6.1
debug1: match: OpenSSH_6.6.1 pat OpenSSH_6.6.1* compat 0x04000000
debug1: Enabling compatibility mode for protocol 2.0
debug1: Local version string SSH-2.0-OpenSSH_6.6.1
debug2: fd 3 setting O_NONBLOCK
debug2: Network child is on pid 85
debug3: preauth child monitor started
debug1: SELinux support disabled [preauth]
debug3: privsep user:group 74:74 [preauth]
debug1: permanently_set_uid: 74/74 [preauth]
debug1: list_hostkey_types: ssh-rsa,ecdsa-sha2-nistp256,ssh-ed25519 [preauth]
debug1: SSH2_MSG_KEXINIT sent [preauth]
debug1: SSH2_MSG_KEXINIT received [preauth]
debug2: kex_parse_kexinit: curve25519-sha256@libssh.org,ecdh-sha2-nistp256,ecdh-sha2-nistp384,ecdh-sha2-nistp521,diffie-hellman-group-exchange-sha256,diffie-hellman-group-exchange-sha1,diffie-hellman-group14-sha1,diffie-hellman-group1-sha1 [preauth]
debug2: kex_parse_kexinit: ssh-rsa,ecdsa-sha2-nistp256,ssh-ed25519 [preauth]
debug2: kex_parse_kexinit: aes128-ctr,aes192-ctr,aes256-ctr,arcfour256,arcfour128,aes128-gcm@openssh.com,aes256-gcm@openssh.com,chacha20-poly1305@openssh.com,aes128-cbc,3des-cbc,blowfish-cbc,cast128-cbc,aes192-cbc,aes256-cbc,arcfour,rijndael-cbc@lysator.liu.se [preauth]
debug2: kex_parse_kexinit: aes128-ctr,aes192-ctr,aes256-ctr,arcfour256,arcfour128,aes128-gcm@openssh.com,aes256-gcm@openssh.com,chacha20-poly1305@openssh.com,aes128-cbc,3des-cbc,blowfish-cbc,cast128-cbc,aes192-cbc,aes256-cbc,arcfour,rijndael-cbc@lysator.liu.se [preauth]
debug2: kex_parse_kexinit: hmac-md5-etm@openssh.com,hmac-sha1-etm@openssh.com,umac-64-etm@openssh.com,umac-128-etm@openssh.com,hmac-sha2-256-etm@openssh.com,hmac-sha2-512-etm@openssh.com,hmac-ripemd160-etm@openssh.com,hmac-sha1-96-etm@openssh.com,hmac-md5-96-etm@openssh.com,hmac-md5,hmac-sha1,umac-64@openssh.com,umac-128@openssh.com,hmac-sha2-256,hmac-sha2-512,hmac-ripemd160,hmac-ripemd160@openssh.com,hmac-sha1-96,hmac-md5-96 [preauth]
debug2: kex_parse_kexinit: hmac-md5-etm@openssh.com,hmac-sha1-etm@openssh.com,umac-64-etm@openssh.com,umac-128-etm@openssh.com,hmac-sha2-256-etm@openssh.com,hmac-sha2-512-etm@openssh.com,hmac-ripemd160-etm@openssh.com,hmac-sha1-96-etm@openssh.com,hmac-md5-96-etm@openssh.com,hmac-md5,hmac-sha1,umac-64@openssh.com,umac-128@openssh.com,hmac-sha2-256,hmac-sha2-512,hmac-ripemd160,hmac-ripemd160@openssh.com,hmac-sha1-96,hmac-md5-96 [preauth]
debug2: kex_parse_kexinit: none,zlib@openssh.com [preauth]
debug2: kex_parse_kexinit: none,zlib@openssh.com [preauth]
debug2: kex_parse_kexinit:  [preauth]
debug2: kex_parse_kexinit:  [preauth]
debug2: kex_parse_kexinit: first_kex_follows 0  [preauth]
debug2: kex_parse_kexinit: reserved 0  [preauth]
debug2: kex_parse_kexinit: curve25519-sha256@libssh.org,ecdh-sha2-nistp256,ecdh-sha2-nistp384,ecdh-sha2-nistp521,diffie-hellman-group-exchange-sha256,diffie-hellman-group-exchange-sha1,diffie-hellman-group14-sha1,diffie-hellman-group1-sha1 [preauth]
debug2: kex_parse_kexinit: ecdsa-sha2-nistp256-cert-v01@openssh.com,ecdsa-sha2-nistp384-cert-v01@openssh.com,ecdsa-sha2-nistp521-cert-v01@openssh.com,ecdsa-sha2-nistp256,ecdsa-sha2-nistp384,ecdsa-sha2-nistp521,ssh-ed25519-cert-v01@openssh.com,ssh-rsa-cert-v01@openssh.com,ssh-dss-cert-v01@openssh.com,ssh-rsa-cert-v00@openssh.com,ssh-dss-cert-v00@openssh.com,ssh-ed25519,ssh-rsa,ssh-dss [preauth]
debug2: kex_parse_kexinit: aes128-ctr,aes192-ctr,aes256-ctr,arcfour256,arcfour128,aes128-gcm@openssh.com,aes256-gcm@openssh.com,chacha20-poly1305@openssh.com,aes128-cbc,3des-cbc,blowfish-cbc,cast128-cbc,aes192-cbc,aes256-cbc,arcfour,rijndael-cbc@lysator.liu.se [preauth]
debug2: kex_parse_kexinit: aes128-ctr,aes192-ctr,aes256-ctr,arcfour256,arcfour128,aes128-gcm@openssh.com,aes256-gcm@openssh.com,chacha20-poly1305@openssh.com,aes128-cbc,3des-cbc,blowfish-cbc,cast128-cbc,aes192-cbc,aes256-cbc,arcfour,rijndael-cbc@lysator.liu.se [preauth]
debug2: kex_parse_kexinit: hmac-md5-etm@openssh.com,hmac-sha1-etm@openssh.com,umac-64-etm@openssh.com,umac-128-etm@openssh.com,hmac-sha2-256-etm@openssh.com,hmac-sha2-512-etm@openssh.com,hmac-ripemd160-etm@openssh.com,hmac-sha1-96-etm@openssh.com,hmac-md5-96-etm@openssh.com,hmac-md5,hmac-sha1,umac-64@openssh.com,umac-128@openssh.com,hmac-sha2-256,hmac-sha2-512,hmac-ripemd160,hmac-ripemd160@openssh.com,hmac-sha1-96,hmac-md5-96 [preauth]
debug2: kex_parse_kexinit: hmac-md5-etm@openssh.com,hmac-sha1-etm@openssh.com,umac-64-etm@openssh.com,umac-128-etm@openssh.com,hmac-sha2-256-etm@openssh.com,hmac-sha2-512-etm@openssh.com,hmac-ripemd160-etm@openssh.com,hmac-sha1-96-etm@openssh.com,hmac-md5-96-etm@openssh.com,hmac-md5,hmac-sha1,umac-64@openssh.com,umac-128@openssh.com,hmac-sha2-256,hmac-sha2-512,hmac-ripemd160,hmac-ripemd160@openssh.com,hmac-sha1-96,hmac-md5-96 [preauth]
debug2: kex_parse_kexinit: none,zlib@openssh.com,zlib [preauth]
debug2: kex_parse_kexinit: none,zlib@openssh.com,zlib [preauth]
debug2: kex_parse_kexinit:  [preauth]
debug2: kex_parse_kexinit:  [preauth]
debug2: kex_parse_kexinit: first_kex_follows 0  [preauth]
debug2: kex_parse_kexinit: reserved 0  [preauth]
debug2: mac_setup: setup hmac-md5-etm@openssh.com [preauth]
debug1: kex: client->server aes128-ctr hmac-md5-etm@openssh.com none [preauth]
debug2: mac_setup: setup hmac-md5-etm@openssh.com [preauth]
debug1: kex: server->client aes128-ctr hmac-md5-etm@openssh.com none [preauth]
debug1: kex: curve25519-sha256@libssh.org need=16 dh_need=16 [preauth]
debug3: mm_request_send entering: type 120 [preauth]
debug3: mm_request_receive_expect entering: type 121 [preauth]
debug3: mm_request_receive entering [preauth]
debug3: mm_request_receive entering
debug3: monitor_read: checking request 120
debug3: mm_request_send entering: type 121
debug1: kex: curve25519-sha256@libssh.org need=16 dh_need=16 [preauth]
debug3: mm_request_send entering: type 120 [preauth]
debug3: mm_request_receive_expect entering: type 121 [preauth]
debug3: mm_request_receive entering [preauth]
debug3: mm_request_receive entering
debug3: monitor_read: checking request 120
debug3: mm_request_send entering: type 121
debug1: expecting SSH2_MSG_KEX_ECDH_INIT [preauth]
debug3: mm_key_sign entering [preauth]
debug3: mm_request_send entering: type 6 [preauth]
debug3: mm_key_sign: waiting for MONITOR_ANS_SIGN [preauth]
debug3: mm_request_receive_expect entering: type 7 [preauth]
debug3: mm_request_receive entering [preauth]
debug3: mm_request_receive entering
debug3: monitor_read: checking request 6
debug3: mm_answer_sign
debug3: mm_answer_sign: signature 0x7ff6f158dcc0(101)
debug3: mm_request_send entering: type 7
debug2: monitor_read: 6 used once, disabling now
debug2: kex_derive_keys [preauth]
debug2: set_newkeys: mode 1 [preauth]
debug1: SSH2_MSG_NEWKEYS sent [preauth]
debug1: expecting SSH2_MSG_NEWKEYS [preauth]
debug2: set_newkeys: mode 0 [preauth]
debug1: SSH2_MSG_NEWKEYS received [preauth]
debug1: KEX done [preauth]
debug1: userauth-request for user root service ssh-connection method none [preauth]
debug1: attempt 0 failures 0 [preauth]
debug3: mm_getpwnamallow entering [preauth]
debug3: mm_request_send entering: type 8 [preauth]
debug3: mm_getpwnamallow: waiting for MONITOR_ANS_PWNAM [preauth]
debug3: mm_request_receive_expect entering: type 9 [preauth]
debug3: mm_request_receive entering [preauth]
debug3: mm_request_receive entering
debug3: monitor_read: checking request 8
debug3: mm_answer_pwnamallow
debug3: Trying to reverse map address 172.17.42.1.
debug2: parse_server_config: config reprocess config len 664
debug3: mm_answer_pwnamallow: sending MONITOR_ANS_PWNAM: 1
debug3: mm_request_send entering: type 9
debug2: monitor_read: 8 used once, disabling now
debug2: input_userauth_request: setting up authctxt for root [preauth]
debug3: mm_start_pam entering [preauth]
debug3: mm_request_send entering: type 100 [preauth]
debug3: mm_inform_authserv entering [preauth]
debug3: mm_request_send entering: type 4 [preauth]
debug3: mm_inform_authrole entering [preauth]
debug3: mm_request_send entering: type 80 [preauth]
debug2: input_userauth_request: try method none [preauth]
debug3: userauth_finish: failure partial=0 next methods="publickey" [preauth]
debug3: mm_request_receive entering
debug3: monitor_read: checking request 100
debug1: PAM: initializing for "root"
debug1: PAM: setting PAM_RHOST to "172.17.42.1"
debug1: PAM: setting PAM_TTY to "ssh"
debug2: monitor_read: 100 used once, disabling now
debug1: userauth-request for user root service ssh-connection method publickey [preauth]
debug1: attempt 1 failures 0 [preauth]
debug2: input_userauth_request: try method publickey [preauth]
debug1: test whether pkalg/pkblob are acceptable [preauth]
debug3: mm_key_allowed entering [preauth]
debug3: mm_request_send entering: type 22 [preauth]
debug3: mm_key_allowed: waiting for MONITOR_ANS_KEYALLOWED [preauth]
debug3: mm_request_receive_expect entering: type 23 [preauth]
debug3: mm_request_receive entering [preauth]
debug3: mm_request_receive entering
debug3: monitor_read: checking request 4
debug3: mm_answer_authserv: service=ssh-connection, style=
debug2: monitor_read: 4 used once, disabling now
debug3: mm_request_receive entering
debug3: monitor_read: checking request 80
debug3: mm_answer_authrole: role=
debug2: monitor_read: 80 used once, disabling now
debug3: mm_request_receive entering
debug3: monitor_read: checking request 22
debug3: mm_answer_keyallowed entering
debug3: mm_answer_keyallowed: key_from_blob: 0x7ff6f1596a70
debug1: temporarily_use_uid: 0/0 (e=0/0)
debug1: trying public key file /root/.ssh/authorized_keys
debug1: fd 4 clearing O_NONBLOCK
Found matching RSA key: f1:6d:94:18:1e:84:cd:f3:6a:56:ec:d0:36:25:99:22
debug1: restore_uid: 0/0
debug3: mm_answer_keyallowed: key 0x7ff6f1596a70 is allowed
debug3: mm_request_send entering: type 23
debug2: userauth_pubkey: authenticated 0 pkalg ssh-rsa [preauth]
Postponed publickey for root from 172.17.42.1 port 49633 ssh2 [preauth]
debug1: userauth-request for user root service ssh-connection method publickey [preauth]
debug1: attempt 2 failures 0 [preauth]
debug2: input_userauth_request: try method publickey [preauth]
debug3: mm_key_allowed entering [preauth]
debug3: mm_request_send entering: type 22 [preauth]
debug3: mm_key_allowed: waiting for MONITOR_ANS_KEYALLOWED [preauth]
debug3: mm_request_receive_expect entering: type 23 [preauth]
debug3: mm_request_receive entering [preauth]
debug3: mm_request_receive entering
debug3: monitor_read: checking request 22
debug3: mm_answer_keyallowed entering
debug3: mm_answer_keyallowed: key_from_blob: 0x7ff6f1596a70
debug1: temporarily_use_uid: 0/0 (e=0/0)
debug1: trying public key file /root/.ssh/authorized_keys
debug1: fd 4 clearing O_NONBLOCK
Found matching RSA key: f1:6d:94:18:1e:84:cd:f3:6a:56:ec:d0:36:25:99:22
debug1: restore_uid: 0/0
debug3: mm_answer_keyallowed: key 0x7ff6f1596a70 is allowed
debug3: mm_request_send entering: type 23
debug3: mm_key_verify entering [preauth]
debug3: mm_request_send entering: type 24 [preauth]
debug3: mm_key_verify: waiting for MONITOR_ANS_KEYVERIFY [preauth]
debug3: mm_request_receive_expect entering: type 25 [preauth]
debug3: mm_request_receive entering [preauth]
debug3: mm_request_receive entering
debug3: monitor_read: checking request 24
debug1: ssh_rsa_verify: signature correct
debug3: mm_answer_keyverify: key 0x7ff6f1596a70 signature verified
debug3: mm_request_send entering: type 25
debug3: mm_request_receive_expect entering: type 102
debug3: mm_request_receive entering
debug1: do_pam_account: called
debug3: PAM: do_pam_account pam_acct_mgmt = 0 (Success)
debug3: mm_request_send entering: type 103
Accepted publickey for root from 172.17.42.1 port 49633 ssh2: RSA f1:6d:94:18:1e:84:cd:f3:6a:56:ec:d0:36:25:99:22
debug1: monitor_child_preauth: root has been authenticated by privileged process
debug3: mm_get_keystate: Waiting for new keys
debug3: mm_request_receive_expect entering: type 26
debug3: mm_request_receive entering
debug3: mm_newkeys_from_blob: 0x7ff6f15a3050(138)
debug2: mac_setup: setup hmac-md5-etm@openssh.com
debug3: mm_get_keystate: Waiting for second key
debug3: mm_newkeys_from_blob: 0x7ff6f15a3050(138)
debug2: mac_setup: setup hmac-md5-etm@openssh.com
debug3: mm_get_keystate: Getting compression state
debug3: mm_get_keystate: Getting Network I/O buffers
debug3: mm_request_receive_expect entering: type 122
debug3: mm_request_receive entering
debug3: mm_request_send entering: type 123
debug2: userauth_pubkey: authenticated 1 pkalg ssh-rsa [preauth]
debug3: mm_do_pam_account entering [preauth]
debug3: mm_request_send entering: type 102 [preauth]
debug3: mm_request_receive_expect entering: type 103 [preauth]
debug3: mm_request_receive entering [preauth]
debug3: mm_do_pam_account returning 1 [preauth]
debug3: mm_send_keystate: Sending new keys: 0x7ff6f1595770 0x7ff6f1589570 [preauth]
debug3: mm_newkeys_to_blob: converting 0x7ff6f1595770 [preauth]
debug3: mm_newkeys_to_blob: converting 0x7ff6f1589570 [preauth]
debug3: mm_send_keystate: New keys have been sent [preauth]
debug3: mm_send_keystate: Sending compression state [preauth]
debug3: mm_request_send entering: type 26 [preauth]
debug3: mm_send_keystate: Finished sending state [preauth]
debug3: mm_request_send entering: type 122 [preauth]
debug3: mm_request_receive_expect entering: type 123 [preauth]
debug3: mm_request_receive entering [preauth]
debug1: monitor_read_log: child log fd closed
debug3: mm_share_sync: Share sync
debug3: mm_share_sync: Share sync end
debug1: SELinux support disabled
debug1: PAM: establishing credentials
debug3: PAM: opening session
debug2: set_newkeys: mode 0
debug2: set_newkeys: mode 1
debug1: Entering interactive session for SSH2.
debug2: fd 4 setting O_NONBLOCK
debug2: fd 5 setting O_NONBLOCK
debug1: server_init_dispatch_20
debug1: server_input_channel_open: ctype session rchan 0 win 1048576 max 16384
debug1: input_session_request
debug1: channel 0: new [server-session]
debug2: session_new: allocate (allocated 0 max 10)
debug3: session_unused: session id 0 unused
debug1: session_new: session 0
debug1: session_open: channel 0
debug1: session_open: session 0: link with channel 0
debug1: server_input_channel_open: confirm session
debug1: server_input_global_request: rtype no-more-sessions@openssh.com want_reply 0
debug1: server_input_channel_req: channel 0 request pty-req reply 1
debug1: session_by_channel: session 0 channel 0
debug1: session_input_channel_req: session 0 req pty-req
debug1: Allocating pty.
debug1: session_pty_req: session 0 alloc /dev/pts/0
debug1: SELinux support disabled
debug1: server_input_channel_req: channel 0 request env reply 0
debug1: session_by_channel: session 0 channel 0
debug1: session_input_channel_req: session 0 req env
debug2: Setting env 0: LANG=en_US.UTF-8
debug1: server_input_channel_req: channel 0 request shell reply 1
debug1: session_by_channel: session 0 channel 0
debug1: session_input_channel_req: session 0 req shell
Starting session: shell on pts/0 for root from 172.17.42.1 port 49633
debug2: fd 3 setting TCP_NODELAY
debug3: packet_set_tos: set IP_TOS 0x10
debug2: channel 0: rfd 8 isatty
debug2: fd 8 setting O_NONBLOCK
debug3: fd 6 is O_NONBLOCK
debug1: Setting controlling tty using TIOCSCTTY.
